Using pre-set license
Built from '2020.3/release' branch; Version is '2020.3.7f1 (dd97f2c94397) revision 14522354'; Using compiler version '192528614'; Build Type 'Release'
OS: 'Windows 7  (6.1.0) 64bit' Language: 'ko' Physical Memory: 12171 MB
BatchMode: 1, IsHumanControllingUs: 0, StartBugReporterOnCrash: 0, Is64bit: 1, IsPro: 0

 COMMAND LINE ARGUMENTS:
D:\Unity\2020.3.7f1\Editor\Unity.exe
-adb2
-batchMode
-noUpm
-name
AssetImportWorker0
-projectPath
D:/UnityProject/GitHub/Practice/Flappy
-logFile
Logs/AssetImportWorker0.log
-srvPort
1709
Successfully changed project path to: D:/UnityProject/GitHub/Practice/Flappy
D:/UnityProject/GitHub/Practice/Flappy
Using Asset Import Pipeline V2.
Refreshing native plugins compatible for Editor in 44.34 ms, found 1 plugins.
Preloading 0 native plugins for Editor in 0.00 ms.
Initialize engine version: 2020.3.7f1 (dd97f2c94397)
[Subsystems] Discovering subsystems at path D:/Unity/2020.3.7f1/Editor/Data/Resources/UnitySubsystems
[Subsystems] Discovering subsystems at path D:/UnityProject/GitHub/Practice/Flappy/Assets
GfxDevice: creating device client; threaded=0
d3d11: CreateDXGIFactory2(...) not found, fallbacking to CreateDXGIFactory1(...).
d3d11: QueryInterface(IDXGIFactory5) failed (80004002).
Direct3D:
    Version:  Direct3D 11.0 [level 11.0]
    Renderer: NVIDIA GeForce GTX 1060 3GB (ID=0x1b84)
    Vendor:   
    VRAM:     2977 MB
    Driver:   27.21.14.5709
Initialize mono
Mono path[0] = 'D:/Unity/2020.3.7f1/Editor/Data/Managed'
Mono path[1] = 'D:/Unity/2020.3.7f1/Editor/Data/MonoBleedingEdge/lib/mono/unityjit'
Mono config path = 'D:/Unity/2020.3.7f1/Editor/Data/MonoBleedingEdge/etc'
Using monoOptions --debugger-agent=transport=dt_socket,embedding=1,server=y,suspend=n,address=127.0.0.1:56044
Begin MonoManager ReloadAssembly
Registering precompiled unity dll's ...
Register platform support module: D:/Unity/2020.3.7f1/Editor/Data/PlaybackEngines/WebGLSupport/UnityEditor.WebGL.Extensions.dll
Register platform support module: D:/Unity/2020.3.7f1/Editor/Data/PlaybackEngines/WindowsStandaloneSupport/UnityEditor.WindowsStandalone.Extensions.dll
Registered in 0.001145 seconds.
Native extension for WindowsStandalone target not found
Native extension for WebGL target not found
Refreshing native plugins compatible for Editor in 44.69 ms, found 1 plugins.
Preloading 0 native plugins for Editor in 0.00 ms.
Mono: successfully reloaded assembly
- Completed reload, in  2.470 seconds
Platform modules already initialized, skipping
Registering precompiled user dll's ...
Registered in 0.000944 seconds.
Begin MonoManager ReloadAssembly
Native extension for WindowsStandalone target not found
Native extension for WebGL target not found
Refreshing native plugins compatible for Editor in 46.17 ms, found 1 plugins.
Preloading 0 native plugins for Editor in 0.00 ms.
Mono: successfully reloaded assembly
- Completed reload, in  1.186 seconds
Platform modules already initialized, skipping
========================================================================
Worker process is ready to serve import requests
Launched and connected shader compiler UnityShaderCompiler.exe after 0.03 seconds
Refreshing native plugins compatible for Editor in 0.54 ms, found 1 plugins.
Preloading 0 native plugins for Editor in 0.00 ms.
Unloading 1862 Unused Serialized files (Serialized files now loaded: 0)
System memory in use before: 90.7 MB.
System memory in use after: 90.6 MB.

Unloading 24 unused Assets to reduce memory usage. Loaded Objects now: 2304.
Total: 2.410608 ms (FindLiveObjects: 0.200305 ms CreateObjectMapping: 0.085088 ms MarkObjects: 1.984174 ms  DeleteObjects: 0.139386 ms)

========================================================================
Received Import Request.
  path: Assets/Flappy Bird Style/Sprites/GrassThinSprite.png
  artifactKey: Guid(8eeaba973de60134fb7f7fb68863fe5b) Importer(815301076,1909f56bfc062723c751e8b465ee728b)
Start importing Assets/Flappy Bird Style/Sprites/GrassThinSprite.png using Guid(8eeaba973de60134fb7f7fb68863fe5b) Importer(815301076,1909f56bfc062723c751e8b465ee728b)  -> (artifact id: '44b0188d0483cdf95255da6183fbb6cd') in 0.211592 seconds
  Import took 0.216084 seconds .

========================================================================
Received Import Request.
  Time since last request: 0.000185 seconds.
  path: Assets/Flappy Bird Style/Sprites/SkyTileSprite.png
  artifactKey: Guid(5ad00495542ee412cbfd6988b3c7973a) Importer(815301076,1909f56bfc062723c751e8b465ee728b)
Start importing Assets/Flappy Bird Style/Sprites/SkyTileSprite.png using Guid(5ad00495542ee412cbfd6988b3c7973a) Importer(815301076,1909f56bfc062723c751e8b465ee728b)  -> (artifact id: '1c208e7422efc7e5d1495f098afb56dc') in 0.072167 seconds
  Import took 0.080156 seconds .

========================================================================
Received Import Request.
  Time since last request: 0.000188 seconds.
  path: Assets/Flappy Bird Style/Sprites/ColumnSprite.png
  artifactKey: Guid(2ad05d7e45bf94f049c630bff83ddf42) Importer(815301076,1909f56bfc062723c751e8b465ee728b)
Start importing Assets/Flappy Bird Style/Sprites/ColumnSprite.png using Guid(2ad05d7e45bf94f049c630bff83ddf42) Importer(815301076,1909f56bfc062723c751e8b465ee728b)  -> (artifact id: '21b910ff33a70df2afb4afc9144a0439') in 0.047058 seconds
  Import took 0.051062 seconds .

========================================================================
Received Import Request.
  Time since last request: 0.001581 seconds.
  path: Assets/Flappy Bird Style/Sprites/BirdHero.png
  artifactKey: Guid(b9679ce5047dd48bbbf37321679fa793) Importer(815301076,1909f56bfc062723c751e8b465ee728b)
Start importing Assets/Flappy Bird Style/Sprites/BirdHero.png using Guid(b9679ce5047dd48bbbf37321679fa793) Importer(815301076,1909f56bfc062723c751e8b465ee728b)  -> (artifact id: 'd2887fcc8b7e3830eeb8a1273f39dd9f') in 0.058528 seconds
  Import took 0.062686 seconds .

========================================================================
Received Import Request.
  Time since last request: 40.392491 seconds.
  path: Assets/BirdHero.png
  artifactKey: Guid(75ca7e9afc60c6f40a6e713b40d7d9e8) Importer(815301076,1909f56bfc062723c751e8b465ee728b)
Start importing Assets/BirdHero.png using Guid(75ca7e9afc60c6f40a6e713b40d7d9e8) Importer(815301076,1909f56bfc062723c751e8b465ee728b)  -> (artifact id: '5a30a4a3007275896e80cca7dedb0570') in 0.030291 seconds
  Import took 0.035877 seconds .

========================================================================
Received Import Request.
  Time since last request: 16.592259 seconds.
  path: Assets/Sprite/BirdHero.png
  artifactKey: Guid(75ca7e9afc60c6f40a6e713b40d7d9e8) Importer(815301076,1909f56bfc062723c751e8b465ee728b)
Start importing Assets/Sprite/BirdHero.png using Guid(75ca7e9afc60c6f40a6e713b40d7d9e8) Importer(815301076,1909f56bfc062723c751e8b465ee728b)  -> (artifact id: '5911b090c47bfdf58d69bc41e01d5698') in 0.033952 seconds
  Import took 0.038669 seconds .

========================================================================
Received Import Request.
  Time since last request: 6.230745 seconds.
  path: Assets/Sprite/BirdHero.png
  artifactKey: Guid(75ca7e9afc60c6f40a6e713b40d7d9e8) Importer(815301076,1909f56bfc062723c751e8b465ee728b)
Start importing Assets/Sprite/BirdHero.png using Guid(75ca7e9afc60c6f40a6e713b40d7d9e8) Importer(815301076,1909f56bfc062723c751e8b465ee728b)  -> (artifact id: 'a8628c5fea57a99e1bdea31383933470') in 0.035395 seconds
  Import took 0.041202 seconds .

========================================================================
Received Import Request.
  Time since last request: 51.457762 seconds.
  path: Assets/Wpng.png
  artifactKey: Guid(f3d78b55a67d8244fbfb867af4b12913) Importer(815301076,1909f56bfc062723c751e8b465ee728b)
Start importing Assets/Wpng.png using Guid(f3d78b55a67d8244fbfb867af4b12913) Importer(815301076,1909f56bfc062723c751e8b465ee728b)  -> (artifact id: 'eeb7168dc4da562aa3e977442d8feb09') in 0.030275 seconds
  Import took 0.035828 seconds .

========================================================================
Received Prepare
Refreshing native plugins compatible for Editor in 2.49 ms, found 1 plugins.
Preloading 0 native plugins for Editor in 0.00 ms.
Unloading 10 Unused Serialized files (Serialized files now loaded: 0)
System memory in use before: 56.4 MB.
System memory in use after: 56.3 MB.

Unloading 10 unused Assets to reduce memory usage. Loaded Objects now: 2319.
Total: 5.632698 ms (FindLiveObjects: 0.588333 ms CreateObjectMapping: 0.128791 ms MarkObjects: 4.387498 ms  DeleteObjects: 0.526420 ms)

========================================================================
Received Prepare
Registering precompiled user dll's ...
Registered in 0.000926 seconds.
Begin MonoManager ReloadAssembly
Native extension for WindowsStandalone target not found
Native extension for WebGL target not found
Refreshing native plugins compatible for Editor in 0.42 ms, found 1 plugins.
Preloading 0 native plugins for Editor in 0.00 ms.
Mono: successfully reloaded assembly
- Completed reload, in  1.126 seconds
Platform modules already initialized, skipping
Switching build target platform(5) subTarget(0) extendedPlatform(0) -> platform(13) subTarget(589824) extendedPlatform(0)
Refreshing native plugins compatible for Editor in 0.50 ms, found 1 plugins.
Preloading 0 native plugins for Editor in 0.00 ms.
Unloading 1847 Unused Serialized files (Serialized files now loaded: 0)
System memory in use before: 92.4 MB.
System memory in use after: 92.3 MB.

Unloading 12 unused Assets to reduce memory usage. Loaded Objects now: 2323.
Total: 2.732420 ms (FindLiveObjects: 0.184413 ms CreateObjectMapping: 0.075818 ms MarkObjects: 2.282148 ms  DeleteObjects: 0.188386 ms)

AssetImportParameters requested are different than current active one (requested -> active):
  custom:graphics/normal-map-encoding: 01000000000000000000000000000000 -> 02000000000000000000000000000000
========================================================================
Received Prepare
Registering precompiled user dll's ...
Registered in 0.000920 seconds.
Begin MonoManager ReloadAssembly
Native extension for WindowsStandalone target not found
Native extension for WebGL target not found
Refreshing native plugins compatible for Editor in 0.42 ms, found 1 plugins.
Preloading 0 native plugins for Editor in 0.00 ms.
Mono: successfully reloaded assembly
- Completed reload, in  1.046 seconds
Platform modules already initialized, skipping
Switching build target platform(5) subTarget(0) extendedPlatform(0) -> platform(13) subTarget(589824) extendedPlatform(0)
Refreshing native plugins compatible for Editor in 0.40 ms, found 1 plugins.
Preloading 0 native plugins for Editor in 0.00 ms.
Unloading 1847 Unused Serialized files (Serialized files now loaded: 0)
System memory in use before: 92.4 MB.
System memory in use after: 92.4 MB.

Unloading 12 unused Assets to reduce memory usage. Loaded Objects now: 2327.
Total: 2.307641 ms (FindLiveObjects: 0.195669 ms CreateObjectMapping: 0.100318 ms MarkObjects: 1.896438 ms  DeleteObjects: 0.113561 ms)

AssetImportParameters requested are different than current active one (requested -> active):
  custom:graphics/normal-map-encoding: 01000000000000000000000000000000 -> 02000000000000000000000000000000
========================================================================
Received Prepare
Registering precompiled user dll's ...
Registered in 0.000899 seconds.
Begin MonoManager ReloadAssembly
Native extension for WindowsStandalone target not found
Native extension for WebGL target not found
Refreshing native plugins compatible for Editor in 0.43 ms, found 1 plugins.
Preloading 0 native plugins for Editor in 0.00 ms.
Mono: successfully reloaded assembly
- Completed reload, in  1.056 seconds
Platform modules already initialized, skipping
Switching build target platform(5) subTarget(0) extendedPlatform(0) -> platform(13) subTarget(589824) extendedPlatform(0)
Refreshing native plugins compatible for Editor in 0.43 ms, found 1 plugins.
Preloading 0 native plugins for Editor in 0.00 ms.
Unloading 1847 Unused Serialized files (Serialized files now loaded: 0)
System memory in use before: 92.4 MB.
System memory in use after: 92.4 MB.

Unloading 12 unused Assets to reduce memory usage. Loaded Objects now: 2331.
Total: 2.273871 ms (FindLiveObjects: 0.189710 ms CreateObjectMapping: 0.078135 ms MarkObjects: 1.888161 ms  DeleteObjects: 0.116872 ms)

AssetImportParameters requested are different than current active one (requested -> active):
  custom:graphics/normal-map-encoding: 01000000000000000000000000000000 -> 02000000000000000000000000000000
AssetImportWorkerClient::OnTransportError - code=2 error=End of file
